<?xml version="1.0" encoding="UTF-8" ?>
<testsuite tests="1" failures="0" name="org.gemini.core.AbstractClientTest" time="0.004" errors="0" skipped="0">
  <properties>
    <property name="idea.version" value="2021.1.3"/>
    <property name="java.runtime.name" value="Java(TM) SE Runtime Environment"/>
    <property name="sun.boot.library.path" value="D:\Program Files\Java\jdk1.8.0_201\jre\bin"/>
    <property name="java.vm.version" value="25.201-b09"/>
    <property name="java.vm.vendor" value="Oracle Corporation"/>
    <property name="maven.multiModuleProjectDirectory" value="D:\IdeaProject\gemini\gemini-core"/>
    <property name="java.vendor.url" value="http://java.oracle.com/"/>
    <property name="path.separator" value=";"/>
    <property name="guice.disable.misplaced.annotation.check" value="true"/>
    <property name="java.vm.name" value="Java HotSpot(TM) 64-Bit Server VM"/>
    <property name="file.encoding.pkg" value="sun.io"/>
    <property name="user.script" value=""/>
    <property name="user.country" value="CN"/>
    <property name="sun.java.launcher" value="SUN_STANDARD"/>
    <property name="sun.os.patch.level" value=""/>
    <property name="java.vm.specification.name" value="Java Virtual Machine Specification"/>
    <property name="user.dir" value="D:\IdeaProject\gemini\gemini-core"/>
    <property name="java.runtime.version" value="1.8.0_201-b09"/>
    <property name="java.awt.graphicsenv" value="sun.awt.Win32GraphicsEnvironment"/>
    <property name="java.endorsed.dirs" value="D:\Program Files\Java\jdk1.8.0_201\jre\lib\endorsed"/>
    <property name="os.arch" value="amd64"/>
    <property name="java.io.tmpdir" value="C:\Users\MENGFA~1\AppData\Local\Temp\"/>
    <property name="line.separator" value="
"/>
    <property name="java.vm.specification.vendor" value="Oracle Corporation"/>
    <property name="user.variant" value=""/>
    <property name="os.name" value="Windows 10"/>
    <property name="maven.ext.class.path" value="D:\environment\IntelliJ IDEA 2021.1.3\plugins\maven\lib\maven-event-listener.jar"/>
    <property name="classworlds.conf" value="D:\develop environment\Maven\apache-maven-3.6.3\bin\m2.conf"/>
    <property name="sun.jnu.encoding" value="GBK"/>
    <property name="java.library.path" value="D:\Program Files\Java\jdk1.8.0_201\bin;C:\WINDOWS\Sun\Java\bin;C:\WINDOWS\system32;C:\WINDOWS;C:\Program Files\Common Files\Oracle\Java\javapath;C:\Windows\system32;C:\Windows;C:\Windows\System32\Wbem;C:\Windows\System32\WindowsPowerShell\v1.0\;C:\Windows\System32\OpenSSH\;C:\Program Files (x86)\NVIDIA Corporation\PhysX\Common;C:\Program Files\NVIDIA Corporation\NVIDIA NvDLISR;D:\Program Files\Java\jdk1.8.0_201\bin;D:\develop environment\Maven\apache-maven-3.6.3\bin;D:\develop environment\Hadoop2.7.2\hadoop-2.7.2\bin;D:\develop environment\Scala2.12\jre\bin;D:\develop environment\Scala2.12\bin;D:\MySql\mysql-5.7.19\bin;C:\WINDOWS\system32;C:\WINDOWS;C:\WINDOWS\System32\Wbem;C:\WINDOWS\System32\WindowsPowerShell\v1.0\;C:\WINDOWS\System32\OpenSSH\;D:\develop tool\xftp7\;D:\develop tool\xhsell7\;D:\Program Files\Git\cmd;%ERLANG_HOME%\bin;D:\develop environment\gradle\gradle-6.5\bin;D:\BaiduNetdiskDownload\cmder;D:\develop environment\node.js\node_global\node_modules;D:\develop tool\Microsoft VS Code\bin;D:\environment\MinGW-w64\mingw64\bin;D:\npm;D:\environment\opencv\build\x64\vc15\bin;D:\environment\cmake\bin;C:\Program Files\Microsoft SQL Server\130\Tools\Binn\;D:\environment\opencv3.4\opencv\build\x64\vc14\bin;C:\Users\mengfanxing\.dnx\bin;C:\Program Files\Microsoft DNX\Dnvm\;C:\Program Files (x86)\Windows Kits\8.1\Windows Performance Toolkit\;C:\Program Files\SlikSvn\bin;D:\environment\bazel;D:\MySql\mysql-5.7.19\lib\libmysql.dll;C:\ProgramData\chocolatey\bin;D:\BrowserDown;D:\Qt\Qt5.14.2\5.14.2\msvc2017_64\bin;D:\Program Files\Kubernetes\Minikube;D:\environment\protoc\bin;D:\environment\go\go1.11.7\bin;D:\environment\nodejs\;D:\environment\HashiCorp\Vagrant\bin;D:\scoop\shims;C:\Users\mengfanxing\AppData\Local\Microsoft\WindowsApps;C:\Users\mengfanxing\go\bin;D:\GoLand\GoLand 2020.2.3\bin;C:\Users\mengfanxing\AppData\Local\Microsoft\WindowsApps;D:\develop environment\node.js\node_global;D:\environment\IntelliJ IDEA 2021.1.3\bin;;C:\msys64;C:\Users\mengfanxing\go\bin;C:\Users\mengfanxing\AppData\Roaming\npm;."/>
    <property name="maven.conf" value="D:\develop environment\Maven\apache-maven-3.6.3/conf"/>
    <property name="java.specification.name" value="Java Platform API Specification"/>
    <property name="java.class.version" value="52.0"/>
    <property name="sun.management.compiler" value="HotSpot 64-Bit Tiered Compilers"/>
    <property name="maven.repo.local" value="D:\develop environment\Maven\apache-maven-3.6.3\repository"/>
    <property name="os.version" value="10.0"/>
    <property name="user.home" value="C:\Users\mengfanxing"/>
    <property name="user.timezone" value="Asia/Shanghai"/>
    <property name="java.awt.printerjob" value="sun.awt.windows.WPrinterJob"/>
    <property name="java.specification.version" value="1.8"/>
    <property name="file.encoding" value="UTF-8"/>
    <property name="user.name" value="mengfanxing"/>
    <property name="java.class.path" value="D:\develop environment\Maven\apache-maven-3.6.3\boot\plexus-classworlds-2.6.0.jar;D:\develop environment\Maven\apache-maven-3.6.3\boot\plexus-classworlds.license;D:\environment\IntelliJ IDEA 2021.1.3\lib\idea_rt.jar"/>
    <property name="java.vm.specification.version" value="1.8"/>
    <property name="sun.arch.data.model" value="64"/>
    <property name="java.home" value="D:\Program Files\Java\jdk1.8.0_201\jre"/>
    <property name="sun.java.command" value="org.codehaus.classworlds.Launcher -Didea.version=2021.1.3 -s D:\develop environment\Maven\apache-maven-3.6.3\conf\settings.xml -Dmaven.repo.local=D:\develop environment\Maven\apache-maven-3.6.3\repository install"/>
    <property name="java.specification.vendor" value="Oracle Corporation"/>
    <property name="user.language" value="zh"/>
    <property name="awt.toolkit" value="sun.awt.windows.WToolkit"/>
    <property name="java.vm.info" value="mixed mode"/>
    <property name="java.version" value="1.8.0_201"/>
    <property name="java.ext.dirs" value="D:\Program Files\Java\jdk1.8.0_201\jre\lib\ext;C:\WINDOWS\Sun\Java\lib\ext"/>
    <property name="sun.boot.class.path" value="D:\Program Files\Java\jdk1.8.0_201\jre\lib\resources.jar;D:\Program Files\Java\jdk1.8.0_201\jre\lib\rt.jar;D:\Program Files\Java\jdk1.8.0_201\jre\lib\sunrsasign.jar;D:\Program Files\Java\jdk1.8.0_201\jre\lib\jsse.jar;D:\Program Files\Java\jdk1.8.0_201\jre\lib\jce.jar;D:\Program Files\Java\jdk1.8.0_201\jre\lib\charsets.jar;D:\Program Files\Java\jdk1.8.0_201\jre\lib\jfr.jar;D:\Program Files\Java\jdk1.8.0_201\jre\classes"/>
    <property name="java.vendor" value="Oracle Corporation"/>
    <property name="maven.home" value="D:\develop environment\Maven\apache-maven-3.6.3"/>
    <property name="file.separator" value="\"/>
    <property name="java.vendor.url.bug" value="http://bugreport.sun.com/bugreport/"/>
    <property name="sun.cpu.endian" value="little"/>
    <property name="sun.io.unicode.encoding" value="UnicodeLittle"/>
    <property name="sun.desktop" value="windows"/>
    <property name="sun.cpu.isalist" value="amd64"/>
  </properties>
  <testcase classname="org.gemini.core.AbstractClientTest" name="StringTest" time="0.004"/>
</testsuite>